<?xml version="1.0" encoding="UTF-8"?>
<!-- Generated by org.testng.reporters.JUnitReportReporter -->
<testsuite hostname="DESKTOP-HMA2MNU" failures="0" tests="2" name="Validation.Testing" time="2.697" errors="0" timestamp="2022-08-16T19:49:21 IST" skipped="0">
  <testcase classname="Validation.Testing" name="ForeignPlayers" time="2.321"/>
  <system-out/>
  <testcase classname="Validation.Testing" name="Wicketkeeper" time="0.376"/>
  <system-out/>
</testsuite> <!-- Validation.Testing -->
